c:\users\rebello villa\documents\visual studio 2022\projects\openglcourseapp\openglcourseapp\x64\debug\vc143.pdb
c:\users\rebello villa\documents\visual studio 2022\projects\openglcourseapp\openglcourseapp\x64\debug\vc143.idb
c:\users\rebello villa\documents\visual studio 2022\projects\openglcourseapp\openglcourseapp\x64\debug\window.obj
c:\users\rebello villa\documents\visual studio 2022\projects\openglcourseapp\openglcourseapp\x64\debug\texture.obj
c:\users\rebello villa\documents\visual studio 2022\projects\openglcourseapp\openglcourseapp\x64\debug\shadowmap.obj
c:\users\rebello villa\documents\visual studio 2022\projects\openglcourseapp\openglcourseapp\x64\debug\omnishadowmap.obj
c:\users\rebello villa\documents\visual studio 2022\projects\openglcourseapp\openglcourseapp\x64\debug\spotlight.obj
c:\users\rebello villa\documents\visual studio 2022\projects\openglcourseapp\openglcourseapp\x64\debug\skybox.obj
c:\users\rebello villa\documents\visual studio 2022\projects\openglcourseapp\openglcourseapp\x64\debug\shader.obj
c:\users\rebello villa\documents\visual studio 2022\projects\openglcourseapp\openglcourseapp\x64\debug\pointlight.obj
c:\users\rebello villa\documents\visual studio 2022\projects\openglcourseapp\openglcourseapp\x64\debug\mesh.obj
c:\users\rebello villa\documents\visual studio 2022\projects\openglcourseapp\openglcourseapp\x64\debug\material.obj
c:\users\rebello villa\documents\visual studio 2022\projects\openglcourseapp\openglcourseapp\x64\debug\light.obj
c:\users\rebello villa\documents\visual studio 2022\projects\openglcourseapp\openglcourseapp\x64\debug\directionallight.obj
c:\users\rebello villa\documents\visual studio 2022\projects\openglcourseapp\openglcourseapp\x64\debug\camera.obj
c:\users\rebello villa\documents\visual studio 2022\projects\openglcourseapp\openglcourseapp\x64\debug\model.obj
c:\users\rebello villa\documents\visual studio 2022\projects\openglcourseapp\openglcourseapp\x64\debug\main.obj
c:\users\rebello villa\documents\visual studio 2022\projects\openglcourseapp\openglcourseapp\x64\debug\openglcourseapp.tlog\cl.command.1.tlog
c:\users\rebello villa\documents\visual studio 2022\projects\openglcourseapp\openglcourseapp\x64\debug\openglcourseapp.tlog\cl.read.1.tlog
c:\users\rebello villa\documents\visual studio 2022\projects\openglcourseapp\openglcourseapp\x64\debug\openglcourseapp.tlog\cl.write.1.tlog
c:\users\rebello villa\documents\visual studio 2022\projects\openglcourseapp\openglcourseapp\x64\debug\openglcourseapp.tlog\link.command.1.tlog
c:\users\rebello villa\documents\visual studio 2022\projects\openglcourseapp\openglcourseapp\x64\debug\openglcourseapp.tlog\link.read.1.tlog
c:\users\rebello villa\documents\visual studio 2022\projects\openglcourseapp\openglcourseapp\x64\debug\openglcourseapp.tlog\link.write.1.tlog
